2023-03-05 18:52:41 [@MARKETING-EDITO]
Interno #1: Executar contract
2023-03-05 18:58:08 [2@MARKETING-EDITO]
Interno #1: Executar infocom
2023-03-05 19:09:07 [2@MARKETING-EDITO]
Interno #1: Executar mailgate
2023-03-05 19:14:26 [2@MARKETING-EDITO]
Interno #1: Executar session
2023-03-05 19:19:46 [2@MARKETING-EDITO]
Interno #1: Executar graph
2023-03-05 19:26:55 [2@MARKETING-EDITO]
Interno #1: Executar reservation
2023-03-05 19:41:18 [2@MARKETING-EDITO]
Interno #1: Executar closeticket
2023-03-09 18:12:02 [2@MARKETING-EDITO]
Interno #1: Executar alertnotclosed
2023-03-09 18:26:36 [2@MARKETING-EDITO]
Interno #1: Executar slaticket
2023-03-09 18:41:09 [2@MARKETING-EDITO]
Interno #1: Executar createinquest
2023-03-09 19:44:11 [2@MARKETING-EDITO]
Interno #1: Executar watcher
2023-03-09 19:54:39 [2@MARKETING-EDITO]
Interno #1: Executar RecurrentItems
2023-03-09 20:06:13 [2@MARKETING-EDITO]
Interno #1: Executar planningrecall
2023-03-09 21:39:16 [2@MARKETING-EDITO]
Interno #1: Executar queuednotification
2023-04-11 14:49:41 [@MARKETING-EDITO]
Interno #1: Executar queuednotificationclean
2023-04-11 14:55:54 [2@MARKETING-EDITO]
Interno #1: Executar temp
2023-04-11 15:05:00 [2@MARKETING-EDITO]
Interno #1: Executar mailgateerror
2023-04-11 15:11:17 [@MARKETING-EDITO]
Interno #1: Executar certificate
2023-04-11 15:18:23 [@MARKETING-EDITO]
Interno #1: Executar olaticket
2023-04-11 15:18:33 [@MARKETING-EDITO]
Interno #1: Executar mailgate
2023-04-11 15:20:05 [@MARKETING-EDITO]
Interno #1: Executar graph
2023-04-11 15:20:19 [@MARKETING-EDITO]
Interno #1: Executar reservation
2023-04-11 15:21:20 [@MARKETING-EDITO]
Interno #1: Executar closeticket
2023-04-11 15:23:25 [@MARKETING-EDITO]
Interno #1: Executar contract
2023-04-11 15:23:26 [@MARKETING-EDITO]
Interno #1: Executar infocom
2023-04-11 15:25:56 [@MARKETING-EDITO]
Interno #1: Executar session
2023-04-11 15:25:59 [@MARKETING-EDITO]
Interno #1: Executar slaticket
2023-04-11 15:26:00 [@MARKETING-EDITO]
Interno #1: Executar planningrecall
2023-04-11 15:26:01 [@MARKETING-EDITO]
Interno #1: Executar RecurrentItems
2023-04-11 15:26:13 [@MARKETING-EDITO]
Interno #1: Executar queuednotification
2023-04-11 15:29:12 [@MARKETING-EDITO]
Interno #1: Executar alertnotclosed
2023-04-11 15:29:14 [@MARKETING-EDITO]
Interno #1: Executar createinquest
2023-04-11 15:30:32 [@MARKETING-EDITO]
Interno #1: Executar watcher
2023-04-11 15:30:34 [@MARKETING-EDITO]
Interno #1: Executar olaticket
2023-04-11 15:31:17 [@MARKETING-EDITO]
Interno #1: Executar queuednotification
2023-04-11 15:31:18 [@MARKETING-EDITO]
Interno #1: Executar mailgate
2023-04-11 15:31:18 [@MARKETING-EDITO]
Interno #1: Executar slaticket
2023-04-11 15:31:19 [@MARKETING-EDITO]
Interno #1: Executar planningrecall
2023-04-11 15:31:20 [@MARKETING-EDITO]
Interno #1: Nada a ser executado
2023-04-11 15:31:20 [@MARKETING-EDITO]
Interno #1: Nada a ser executado
2023-04-11 15:31:20 [@MARKETING-EDITO]
Interno #1: Nada a ser executado
2023-04-11 17:43:48 [2@MARKETING-EDITO]
Interno #1: Executar queuednotification
2023-04-11 17:49:55 [2@MARKETING-EDITO]
Interno #1: Executar olaticket
2023-04-11 19:38:49 [2@MARKETING-EDITO]
Interno #1: Executar slaticket
2023-04-12 18:45:12 [2@MARKETING-EDITO]
Interno #1: Executar planningrecall
2023-04-12 19:04:22 [2@MARKETING-EDITO]
Interno #1: Executar mailgate
2023-04-12 19:22:58 [2@MARKETING-EDITO]
Interno #1: Executar temp
2023-04-12 19:30:34 [2@MARKETING-EDITO]
Interno #1: Executar graph
2023-04-12 19:36:04 [2@MARKETING-EDITO]
Interno #1: Executar reservation
2023-04-13 13:58:44 [2@MARKETING-EDITO]
Interno #1: Executar RecurrentItems
2023-04-13 15:56:53 [2@MARKETING-EDITO]
Interno #1: Executar queuednotification
2023-04-13 19:59:47 [2@MARKETING-EDITO]
Interno #1: Executar olaticket
2023-04-13 20:05:50 [2@MARKETING-EDITO]
Interno #1: Executar slaticket
2023-04-13 20:23:25 [2@MARKETING-EDITO]
Interno #1: Executar closeticket
2023-04-13 20:30:50 [2@MARKETING-EDITO]
Interno #1: Executar alertnotclosed
2023-04-13 20:36:19 [2@MARKETING-EDITO]
Interno #1: Executar queuednotificationclean
2023-04-13 20:38:25 [@MARKETING-EDITO]
Interno #1: Executar mailgateerror
2023-04-13 20:38:38 [@MARKETING-EDITO]
Interno #1: Executar certificate
2023-04-13 20:39:18 [@MARKETING-EDITO]
Interno #1: Executar contract
2023-04-13 20:44:26 [2@MARKETING-EDITO]
Interno #1: Executar infocom
2023-04-13 21:20:22 [2@MARKETING-EDITO]
Interno #1: Executar session
2023-04-13 21:22:59 [@MARKETING-EDITO]
Interno #1: Executar createinquest
2023-04-13 21:28:38 [8@MARKETING-EDITO]
Interno #1: Executar watcher
2023-04-13 21:30:52 [2@MARKETING-EDITO]
Interno #1: Executar planningrecall
2023-04-13 21:35:56 [2@MARKETING-EDITO]
Interno #1: Executar mailgate
2023-04-13 21:39:03 [8@MARKETING-EDITO]
Interno #1: Executar temp
2023-04-13 21:44:43 [8@MARKETING-EDITO]
Interno #1: Executar graph
2023-04-13 21:45:31 [2@MARKETING-EDITO]
Interno #1: Executar reservation
2023-04-13 21:52:10 [2@MARKETING-EDITO]
Interno #1: Executar RecurrentItems
2023-04-13 21:53:45 [8@MARKETING-EDITO]
Interno #1: Executar queuednotification
2023-04-13 22:09:38 [8@MARKETING-EDITO]
Interno #1: Executar olaticket
